<?xml version="1.0" encoding="UTF-8"?>
<!-- Generated by org.testng.reporters.JUnitReportReporter -->
<testsuite hostname="DESKTOP-EP81H27" failures="0" tests="1" name="ninzaCRM.OpportunitiesTests.CreateOpportunityTest" time="68.972" errors="0" timestamp="2025-06-25T15:39:27 IST" skipped="0">
  <testcase classname="ninzaCRM.OpportunitiesTests.CreateOpportunityTest" name="tc_01_createOpportunityTest" time="68.972"/>
  <system-out/>
</testsuite> <!-- ninzaCRM.OpportunitiesTests.CreateOpportunityTest -->
