<?xml version="1.0" encoding="UTF-8"?>
<!-- Generated by org.testng.reporters.JUnitReportReporter -->
<testsuite hostname="DESKTOP-EP81H27" failures="0" tests="1" name="ninzaCRM.ContactsTests.CreateContactTest" time="43.748" errors="0" timestamp="2025-06-20T19:43:51 IST" skipped="0">
  <testcase classname="ninzaCRM.ContactsTests.CreateContactTest" name="tc_01_createContactTest" time="43.748"/>
  <system-out/>
</testsuite> <!-- ninzaCRM.ContactsTests.CreateContactTest -->
