<?xml version="1.0" encoding="UTF-8"?>
<!-- Generated by org.testng.reporters.JUnitReportReporter -->
<testsuite hostname="DESKTOP-EP81H27" failures="0" tests="1" name="ninzaCRM.Practise.CreateCampaignTest" time="554.982" errors="0" timestamp="2025-06-19T22:36:39 IST" skipped="0">
  <testcase classname="ninzaCRM.Practise.CreateCampaignTest" name="tc_01_createCampaign_ContactTest" time="554.982"/>
  <system-out/>
</testsuite> <!-- ninzaCRM.Practise.CreateCampaignTest -->
