<?xml version="1.0" encoding="UTF-8"?>
<!-- Generated by org.testng.reporters.JUnitReportReporter -->
<testsuite hostname="DESKTOP-EP81H27" failures="0" tests="1" name="ninzaCRM.LeadsTests.CreateLeadTest" time="46.690" errors="0" timestamp="2025-06-25T15:39:27 IST" skipped="0">
  <testcase classname="ninzaCRM.LeadsTests.CreateLeadTest" name="tc_01_createLeadTest" time="46.690"/>
  <system-out/>
</testsuite> <!-- ninzaCRM.LeadsTests.CreateLeadTest -->
